G:\OPENCV_WORKSPACE\ULTRASHORT_BINARY\USB_FT\USB_FT\DEBUG\MAIN.OBJ
G:\OPENCV_WORKSPACE\ULTRASHORT_BINARY\USB_FT\USB_FT\DEBUG\VC110.PDB
G:\OPENCV_WORKSPACE\ULTRASHORT_BINARY\USB_FT\USB_FT\DEBUG\USB_FT.OBJ
G:\OPENCV_WORKSPACE\ULTRASHORT_BINARY\USB_FT\DEBUG\USB_FT.ILK
G:\OPENCV_WORKSPACE\ULTRASHORT_BINARY\USB_FT\DEBUG\USB_FT.EXE
G:\OPENCV_WORKSPACE\ULTRASHORT_BINARY\USB_FT\DEBUG\USB_FT.PDB
G:\OPENCV_WORKSPACE\ultrashort_binary\usb_ft\usb_ft\Debug\usb_ft.obj
G:\OPENCV_WORKSPACE\ultrashort_binary\usb_ft\usb_ft\Debug\cl.command.1.tlog
G:\OPENCV_WORKSPACE\ultrashort_binary\usb_ft\usb_ft\Debug\CL.read.1.tlog
G:\OPENCV_WORKSPACE\ultrashort_binary\usb_ft\usb_ft\Debug\CL.write.1.tlog
G:\OPENCV_WORKSPACE\ultrashort_binary\usb_ft\usb_ft\Debug\link-cvtres.read.1.tlog
G:\OPENCV_WORKSPACE\ultrashort_binary\usb_ft\usb_ft\Debug\link-cvtres.write.1.tlog
G:\OPENCV_WORKSPACE\ultrashort_binary\usb_ft\usb_ft\Debug\link-rc.read.1.tlog
G:\OPENCV_WORKSPACE\ultrashort_binary\usb_ft\usb_ft\Debug\link-rc.write.1.tlog
G:\OPENCV_WORKSPACE\ultrashort_binary\usb_ft\usb_ft\Debug\link.10004-cvtres.read.1.tlog
G:\OPENCV_WORKSPACE\ultrashort_binary\usb_ft\usb_ft\Debug\link.10004-cvtres.write.1.tlog
G:\OPENCV_WORKSPACE\ultrashort_binary\usb_ft\usb_ft\Debug\link.10004-rc.read.1.tlog
G:\OPENCV_WORKSPACE\ultrashort_binary\usb_ft\usb_ft\Debug\link.10004-rc.write.1.tlog
G:\OPENCV_WORKSPACE\ultrashort_binary\usb_ft\usb_ft\Debug\link.10004.read.1.tlog
G:\OPENCV_WORKSPACE\ultrashort_binary\usb_ft\usb_ft\Debug\link.10004.write.1.tlog
G:\OPENCV_WORKSPACE\ultrashort_binary\usb_ft\usb_ft\Debug\link.10436-cvtres.read.1.tlog
G:\OPENCV_WORKSPACE\ultrashort_binary\usb_ft\usb_ft\Debug\link.10436-cvtres.write.1.tlog
G:\OPENCV_WORKSPACE\ultrashort_binary\usb_ft\usb_ft\Debug\link.10436-rc.read.1.tlog
G:\OPENCV_WORKSPACE\ultrashort_binary\usb_ft\usb_ft\Debug\link.10436-rc.write.1.tlog
G:\OPENCV_WORKSPACE\ultrashort_binary\usb_ft\usb_ft\Debug\link.10436.read.1.tlog
G:\OPENCV_WORKSPACE\ultrashort_binary\usb_ft\usb_ft\Debug\link.10436.write.1.tlog
G:\OPENCV_WORKSPACE\ultrashort_binary\usb_ft\usb_ft\Debug\link.10476-cvtres.read.1.tlog
G:\OPENCV_WORKSPACE\ultrashort_binary\usb_ft\usb_ft\Debug\link.10476-cvtres.write.1.tlog
G:\OPENCV_WORKSPACE\ultrashort_binary\usb_ft\usb_ft\Debug\link.10476-rc.read.1.tlog
G:\OPENCV_WORKSPACE\ultrashort_binary\usb_ft\usb_ft\Debug\link.10476-rc.write.1.tlog
G:\OPENCV_WORKSPACE\ultrashort_binary\usb_ft\usb_ft\Debug\link.10476.read.1.tlog
G:\OPENCV_WORKSPACE\ultrashort_binary\usb_ft\usb_ft\Debug\link.10476.write.1.tlog
G:\OPENCV_WORKSPACE\ultrashort_binary\usb_ft\usb_ft\Debug\link.10808-cvtres.read.1.tlog
G:\OPENCV_WORKSPACE\ultrashort_binary\usb_ft\usb_ft\Debug\link.10808-cvtres.write.1.tlog
G:\OPENCV_WORKSPACE\ultrashort_binary\usb_ft\usb_ft\Debug\link.10808-rc.read.1.tlog
G:\OPENCV_WORKSPACE\ultrashort_binary\usb_ft\usb_ft\Debug\link.10808-rc.write.1.tlog
G:\OPENCV_WORKSPACE\ultrashort_binary\usb_ft\usb_ft\Debug\link.10808.read.1.tlog
G:\OPENCV_WORKSPACE\ultrashort_binary\usb_ft\usb_ft\Debug\link.10808.write.1.tlog
G:\OPENCV_WORKSPACE\ultrashort_binary\usb_ft\usb_ft\Debug\link.10908-cvtres.read.1.tlog
G:\OPENCV_WORKSPACE\ultrashort_binary\usb_ft\usb_ft\Debug\link.10908-cvtres.write.1.tlog
G:\OPENCV_WORKSPACE\ultrashort_binary\usb_ft\usb_ft\Debug\link.10908-rc.read.1.tlog
G:\OPENCV_WORKSPACE\ultrashort_binary\usb_ft\usb_ft\Debug\link.10908-rc.write.1.tlog
G:\OPENCV_WORKSPACE\ultrashort_binary\usb_ft\usb_ft\Debug\link.10908.read.1.tlog
G:\OPENCV_WORKSPACE\ultrashort_binary\usb_ft\usb_ft\Debug\link.10908.write.1.tlog
G:\OPENCV_WORKSPACE\ultrashort_binary\usb_ft\usb_ft\Debug\link.10920-cvtres.read.1.tlog
G:\OPENCV_WORKSPACE\ultrashort_binary\usb_ft\usb_ft\Debug\link.10920-cvtres.write.1.tlog
G:\OPENCV_WORKSPACE\ultrashort_binary\usb_ft\usb_ft\Debug\link.10920-rc.read.1.tlog
G:\OPENCV_WORKSPACE\ultrashort_binary\usb_ft\usb_ft\Debug\link.10920-rc.write.1.tlog
G:\OPENCV_WORKSPACE\ultrashort_binary\usb_ft\usb_ft\Debug\link.10920.read.1.tlog
G:\OPENCV_WORKSPACE\ultrashort_binary\usb_ft\usb_ft\Debug\link.10920.write.1.tlog
G:\OPENCV_WORKSPACE\ultrashort_binary\usb_ft\usb_ft\Debug\link.10948-cvtres.read.1.tlog
G:\OPENCV_WORKSPACE\ultrashort_binary\usb_ft\usb_ft\Debug\link.10948-cvtres.write.1.tlog
G:\OPENCV_WORKSPACE\ultrashort_binary\usb_ft\usb_ft\Debug\link.10948-rc.read.1.tlog
G:\OPENCV_WORKSPACE\ultrashort_binary\usb_ft\usb_ft\Debug\link.10948-rc.write.1.tlog
G:\OPENCV_WORKSPACE\ultrashort_binary\usb_ft\usb_ft\Debug\link.10948.read.1.tlog
G:\OPENCV_WORKSPACE\ultrashort_binary\usb_ft\usb_ft\Debug\link.10948.write.1.tlog
G:\OPENCV_WORKSPACE\ultrashort_binary\usb_ft\usb_ft\Debug\link.1144-cvtres.read.1.tlog
G:\OPENCV_WORKSPACE\ultrashort_binary\usb_ft\usb_ft\Debug\link.1144-cvtres.write.1.tlog
G:\OPENCV_WORKSPACE\ultrashort_binary\usb_ft\usb_ft\Debug\link.1144-rc.read.1.tlog
G:\OPENCV_WORKSPACE\ultrashort_binary\usb_ft\usb_ft\Debug\link.1144-rc.write.1.tlog
G:\OPENCV_WORKSPACE\ultrashort_binary\usb_ft\usb_ft\Debug\link.1144.read.1.tlog
G:\OPENCV_WORKSPACE\ultrashort_binary\usb_ft\usb_ft\Debug\link.1144.write.1.tlog
G:\OPENCV_WORKSPACE\ultrashort_binary\usb_ft\usb_ft\Debug\link.11468-cvtres.read.1.tlog
G:\OPENCV_WORKSPACE\ultrashort_binary\usb_ft\usb_ft\Debug\link.11468-cvtres.write.1.tlog
G:\OPENCV_WORKSPACE\ultrashort_binary\usb_ft\usb_ft\Debug\link.11468-rc.read.1.tlog
G:\OPENCV_WORKSPACE\ultrashort_binary\usb_ft\usb_ft\Debug\link.11468-rc.write.1.tlog
G:\OPENCV_WORKSPACE\ultrashort_binary\usb_ft\usb_ft\Debug\link.11468.read.1.tlog
G:\OPENCV_WORKSPACE\ultrashort_binary\usb_ft\usb_ft\Debug\link.11468.write.1.tlog
G:\OPENCV_WORKSPACE\ultrashort_binary\usb_ft\usb_ft\Debug\link.11792-cvtres.read.1.tlog
G:\OPENCV_WORKSPACE\ultrashort_binary\usb_ft\usb_ft\Debug\link.11792-cvtres.write.1.tlog
G:\OPENCV_WORKSPACE\ultrashort_binary\usb_ft\usb_ft\Debug\link.11792-rc.read.1.tlog
G:\OPENCV_WORKSPACE\ultrashort_binary\usb_ft\usb_ft\Debug\link.11792-rc.write.1.tlog
G:\OPENCV_WORKSPACE\ultrashort_binary\usb_ft\usb_ft\Debug\link.11792.read.1.tlog
G:\OPENCV_WORKSPACE\ultrashort_binary\usb_ft\usb_ft\Debug\link.11792.write.1.tlog
G:\OPENCV_WORKSPACE\ultrashort_binary\usb_ft\usb_ft\Debug\link.11824-cvtres.read.1.tlog
G:\OPENCV_WORKSPACE\ultrashort_binary\usb_ft\usb_ft\Debug\link.11824-cvtres.write.1.tlog
G:\OPENCV_WORKSPACE\ultrashort_binary\usb_ft\usb_ft\Debug\link.11824-rc.read.1.tlog
G:\OPENCV_WORKSPACE\ultrashort_binary\usb_ft\usb_ft\Debug\link.11824-rc.write.1.tlog
G:\OPENCV_WORKSPACE\ultrashort_binary\usb_ft\usb_ft\Debug\link.11824.read.1.tlog
G:\OPENCV_WORKSPACE\ultrashort_binary\usb_ft\usb_ft\Debug\link.11824.write.1.tlog
G:\OPENCV_WORKSPACE\ultrashort_binary\usb_ft\usb_ft\Debug\link.12236-cvtres.read.1.tlog
G:\OPENCV_WORKSPACE\ultrashort_binary\usb_ft\usb_ft\Debug\link.12236-cvtres.write.1.tlog
G:\OPENCV_WORKSPACE\ultrashort_binary\usb_ft\usb_ft\Debug\link.12236-rc.read.1.tlog
G:\OPENCV_WORKSPACE\ultrashort_binary\usb_ft\usb_ft\Debug\link.12236-rc.write.1.tlog
G:\OPENCV_WORKSPACE\ultrashort_binary\usb_ft\usb_ft\Debug\link.12236.read.1.tlog
G:\OPENCV_WORKSPACE\ultrashort_binary\usb_ft\usb_ft\Debug\link.12236.write.1.tlog
G:\OPENCV_WORKSPACE\ultrashort_binary\usb_ft\usb_ft\Debug\link.12284-cvtres.read.1.tlog
G:\OPENCV_WORKSPACE\ultrashort_binary\usb_ft\usb_ft\Debug\link.12284-cvtres.write.1.tlog
G:\OPENCV_WORKSPACE\ultrashort_binary\usb_ft\usb_ft\Debug\link.12284-rc.read.1.tlog
G:\OPENCV_WORKSPACE\ultrashort_binary\usb_ft\usb_ft\Debug\link.12284-rc.write.1.tlog
G:\OPENCV_WORKSPACE\ultrashort_binary\usb_ft\usb_ft\Debug\link.12284.read.1.tlog
G:\OPENCV_WORKSPACE\ultrashort_binary\usb_ft\usb_ft\Debug\link.12284.write.1.tlog
G:\OPENCV_WORKSPACE\ultrashort_binary\usb_ft\usb_ft\Debug\link.3576-cvtres.read.1.tlog
G:\OPENCV_WORKSPACE\ultrashort_binary\usb_ft\usb_ft\Debug\link.3576-cvtres.write.1.tlog
G:\OPENCV_WORKSPACE\ultrashort_binary\usb_ft\usb_ft\Debug\link.3576-rc.read.1.tlog
G:\OPENCV_WORKSPACE\ultrashort_binary\usb_ft\usb_ft\Debug\link.3576-rc.write.1.tlog
G:\OPENCV_WORKSPACE\ultrashort_binary\usb_ft\usb_ft\Debug\link.3576.read.1.tlog
G:\OPENCV_WORKSPACE\ultrashort_binary\usb_ft\usb_ft\Debug\link.3576.write.1.tlog
G:\OPENCV_WORKSPACE\ultrashort_binary\usb_ft\usb_ft\Debug\link.4256-cvtres.read.1.tlog
G:\OPENCV_WORKSPACE\ultrashort_binary\usb_ft\usb_ft\Debug\link.4256-cvtres.write.1.tlog
G:\OPENCV_WORKSPACE\ultrashort_binary\usb_ft\usb_ft\Debug\link.4256-rc.read.1.tlog
G:\OPENCV_WORKSPACE\ultrashort_binary\usb_ft\usb_ft\Debug\link.4256-rc.write.1.tlog
G:\OPENCV_WORKSPACE\ultrashort_binary\usb_ft\usb_ft\Debug\link.4256.read.1.tlog
G:\OPENCV_WORKSPACE\ultrashort_binary\usb_ft\usb_ft\Debug\link.4256.write.1.tlog
G:\OPENCV_WORKSPACE\ultrashort_binary\usb_ft\usb_ft\Debug\link.4352-cvtres.read.1.tlog
G:\OPENCV_WORKSPACE\ultrashort_binary\usb_ft\usb_ft\Debug\link.4352-cvtres.write.1.tlog
G:\OPENCV_WORKSPACE\ultrashort_binary\usb_ft\usb_ft\Debug\link.4352-rc.read.1.tlog
G:\OPENCV_WORKSPACE\ultrashort_binary\usb_ft\usb_ft\Debug\link.4352-rc.write.1.tlog
G:\OPENCV_WORKSPACE\ultrashort_binary\usb_ft\usb_ft\Debug\link.4352.read.1.tlog
G:\OPENCV_WORKSPACE\ultrashort_binary\usb_ft\usb_ft\Debug\link.4352.write.1.tlog
G:\OPENCV_WORKSPACE\ultrashort_binary\usb_ft\usb_ft\Debug\link.4864-cvtres.read.1.tlog
G:\OPENCV_WORKSPACE\ultrashort_binary\usb_ft\usb_ft\Debug\link.4864-cvtres.write.1.tlog
G:\OPENCV_WORKSPACE\ultrashort_binary\usb_ft\usb_ft\Debug\link.4864-rc.read.1.tlog
G:\OPENCV_WORKSPACE\ultrashort_binary\usb_ft\usb_ft\Debug\link.4864-rc.write.1.tlog
G:\OPENCV_WORKSPACE\ultrashort_binary\usb_ft\usb_ft\Debug\link.4864.read.1.tlog
G:\OPENCV_WORKSPACE\ultrashort_binary\usb_ft\usb_ft\Debug\link.4864.write.1.tlog
G:\OPENCV_WORKSPACE\ultrashort_binary\usb_ft\usb_ft\Debug\link.5008-cvtres.read.1.tlog
G:\OPENCV_WORKSPACE\ultrashort_binary\usb_ft\usb_ft\Debug\link.5008-cvtres.write.1.tlog
G:\OPENCV_WORKSPACE\ultrashort_binary\usb_ft\usb_ft\Debug\link.5008-rc.read.1.tlog
G:\OPENCV_WORKSPACE\ultrashort_binary\usb_ft\usb_ft\Debug\link.5008-rc.write.1.tlog
G:\OPENCV_WORKSPACE\ultrashort_binary\usb_ft\usb_ft\Debug\link.5008.read.1.tlog
G:\OPENCV_WORKSPACE\ultrashort_binary\usb_ft\usb_ft\Debug\link.5008.write.1.tlog
G:\OPENCV_WORKSPACE\ultrashort_binary\usb_ft\usb_ft\Debug\link.5112-cvtres.read.1.tlog
G:\OPENCV_WORKSPACE\ultrashort_binary\usb_ft\usb_ft\Debug\link.5112-cvtres.write.1.tlog
G:\OPENCV_WORKSPACE\ultrashort_binary\usb_ft\usb_ft\Debug\link.5112-rc.read.1.tlog
G:\OPENCV_WORKSPACE\ultrashort_binary\usb_ft\usb_ft\Debug\link.5112-rc.write.1.tlog
G:\OPENCV_WORKSPACE\ultrashort_binary\usb_ft\usb_ft\Debug\link.5112.read.1.tlog
G:\OPENCV_WORKSPACE\ultrashort_binary\usb_ft\usb_ft\Debug\link.5112.write.1.tlog
G:\OPENCV_WORKSPACE\ultrashort_binary\usb_ft\usb_ft\Debug\link.5732-cvtres.read.1.tlog
G:\OPENCV_WORKSPACE\ultrashort_binary\usb_ft\usb_ft\Debug\link.5732-cvtres.write.1.tlog
G:\OPENCV_WORKSPACE\ultrashort_binary\usb_ft\usb_ft\Debug\link.5732-rc.read.1.tlog
G:\OPENCV_WORKSPACE\ultrashort_binary\usb_ft\usb_ft\Debug\link.5732-rc.write.1.tlog
G:\OPENCV_WORKSPACE\ultrashort_binary\usb_ft\usb_ft\Debug\link.5732.read.1.tlog
G:\OPENCV_WORKSPACE\ultrashort_binary\usb_ft\usb_ft\Debug\link.5732.write.1.tlog
G:\OPENCV_WORKSPACE\ultrashort_binary\usb_ft\usb_ft\Debug\link.6352-cvtres.read.1.tlog
G:\OPENCV_WORKSPACE\ultrashort_binary\usb_ft\usb_ft\Debug\link.6352-cvtres.write.1.tlog
G:\OPENCV_WORKSPACE\ultrashort_binary\usb_ft\usb_ft\Debug\link.6352-rc.read.1.tlog
G:\OPENCV_WORKSPACE\ultrashort_binary\usb_ft\usb_ft\Debug\link.6352-rc.write.1.tlog
G:\OPENCV_WORKSPACE\ultrashort_binary\usb_ft\usb_ft\Debug\link.6352.read.1.tlog
G:\OPENCV_WORKSPACE\ultrashort_binary\usb_ft\usb_ft\Debug\link.6352.write.1.tlog
G:\OPENCV_WORKSPACE\ultrashort_binary\usb_ft\usb_ft\Debug\link.6376-cvtres.read.1.tlog
G:\OPENCV_WORKSPACE\ultrashort_binary\usb_ft\usb_ft\Debug\link.6376-cvtres.write.1.tlog
G:\OPENCV_WORKSPACE\ultrashort_binary\usb_ft\usb_ft\Debug\link.6376-rc.read.1.tlog
G:\OPENCV_WORKSPACE\ultrashort_binary\usb_ft\usb_ft\Debug\link.6376-rc.write.1.tlog
G:\OPENCV_WORKSPACE\ultrashort_binary\usb_ft\usb_ft\Debug\link.6376.read.1.tlog
G:\OPENCV_WORKSPACE\ultrashort_binary\usb_ft\usb_ft\Debug\link.6376.write.1.tlog
G:\OPENCV_WORKSPACE\ultrashort_binary\usb_ft\usb_ft\Debug\link.6944-cvtres.read.1.tlog
G:\OPENCV_WORKSPACE\ultrashort_binary\usb_ft\usb_ft\Debug\link.6944-cvtres.write.1.tlog
G:\OPENCV_WORKSPACE\ultrashort_binary\usb_ft\usb_ft\Debug\link.6944-rc.read.1.tlog
G:\OPENCV_WORKSPACE\ultrashort_binary\usb_ft\usb_ft\Debug\link.6944-rc.write.1.tlog
G:\OPENCV_WORKSPACE\ultrashort_binary\usb_ft\usb_ft\Debug\link.6944.read.1.tlog
G:\OPENCV_WORKSPACE\ultrashort_binary\usb_ft\usb_ft\Debug\link.6944.write.1.tlog
G:\OPENCV_WORKSPACE\ultrashort_binary\usb_ft\usb_ft\Debug\link.740-cvtres.read.1.tlog
G:\OPENCV_WORKSPACE\ultrashort_binary\usb_ft\usb_ft\Debug\link.740-cvtres.write.1.tlog
G:\OPENCV_WORKSPACE\ultrashort_binary\usb_ft\usb_ft\Debug\link.740-rc.read.1.tlog
G:\OPENCV_WORKSPACE\ultrashort_binary\usb_ft\usb_ft\Debug\link.740-rc.write.1.tlog
G:\OPENCV_WORKSPACE\ultrashort_binary\usb_ft\usb_ft\Debug\link.740.read.1.tlog
G:\OPENCV_WORKSPACE\ultrashort_binary\usb_ft\usb_ft\Debug\link.740.write.1.tlog
G:\OPENCV_WORKSPACE\ultrashort_binary\usb_ft\usb_ft\Debug\link.7428-cvtres.read.1.tlog
G:\OPENCV_WORKSPACE\ultrashort_binary\usb_ft\usb_ft\Debug\link.7428-cvtres.write.1.tlog
G:\OPENCV_WORKSPACE\ultrashort_binary\usb_ft\usb_ft\Debug\link.7428-rc.read.1.tlog
G:\OPENCV_WORKSPACE\ultrashort_binary\usb_ft\usb_ft\Debug\link.7428-rc.write.1.tlog
G:\OPENCV_WORKSPACE\ultrashort_binary\usb_ft\usb_ft\Debug\link.7428.read.1.tlog
G:\OPENCV_WORKSPACE\ultrashort_binary\usb_ft\usb_ft\Debug\link.7428.write.1.tlog
G:\OPENCV_WORKSPACE\ultrashort_binary\usb_ft\usb_ft\Debug\link.7712-cvtres.read.1.tlog
G:\OPENCV_WORKSPACE\ultrashort_binary\usb_ft\usb_ft\Debug\link.7712-cvtres.write.1.tlog
G:\OPENCV_WORKSPACE\ultrashort_binary\usb_ft\usb_ft\Debug\link.7712-rc.read.1.tlog
G:\OPENCV_WORKSPACE\ultrashort_binary\usb_ft\usb_ft\Debug\link.7712-rc.write.1.tlog
G:\OPENCV_WORKSPACE\ultrashort_binary\usb_ft\usb_ft\Debug\link.7712.read.1.tlog
G:\OPENCV_WORKSPACE\ultrashort_binary\usb_ft\usb_ft\Debug\link.7712.write.1.tlog
G:\OPENCV_WORKSPACE\ultrashort_binary\usb_ft\usb_ft\Debug\link.7816-cvtres.read.1.tlog
G:\OPENCV_WORKSPACE\ultrashort_binary\usb_ft\usb_ft\Debug\link.7816-cvtres.write.1.tlog
G:\OPENCV_WORKSPACE\ultrashort_binary\usb_ft\usb_ft\Debug\link.7816-rc.read.1.tlog
G:\OPENCV_WORKSPACE\ultrashort_binary\usb_ft\usb_ft\Debug\link.7816-rc.write.1.tlog
G:\OPENCV_WORKSPACE\ultrashort_binary\usb_ft\usb_ft\Debug\link.7816.read.1.tlog
G:\OPENCV_WORKSPACE\ultrashort_binary\usb_ft\usb_ft\Debug\link.7816.write.1.tlog
G:\OPENCV_WORKSPACE\ultrashort_binary\usb_ft\usb_ft\Debug\link.7872-cvtres.read.1.tlog
G:\OPENCV_WORKSPACE\ultrashort_binary\usb_ft\usb_ft\Debug\link.7872-cvtres.write.1.tlog
G:\OPENCV_WORKSPACE\ultrashort_binary\usb_ft\usb_ft\Debug\link.7872-rc.read.1.tlog
G:\OPENCV_WORKSPACE\ultrashort_binary\usb_ft\usb_ft\Debug\link.7872-rc.write.1.tlog
G:\OPENCV_WORKSPACE\ultrashort_binary\usb_ft\usb_ft\Debug\link.7872.read.1.tlog
G:\OPENCV_WORKSPACE\ultrashort_binary\usb_ft\usb_ft\Debug\link.7872.write.1.tlog
G:\OPENCV_WORKSPACE\ultrashort_binary\usb_ft\usb_ft\Debug\link.7912-cvtres.read.1.tlog
G:\OPENCV_WORKSPACE\ultrashort_binary\usb_ft\usb_ft\Debug\link.7912-cvtres.write.1.tlog
G:\OPENCV_WORKSPACE\ultrashort_binary\usb_ft\usb_ft\Debug\link.7912-rc.read.1.tlog
G:\OPENCV_WORKSPACE\ultrashort_binary\usb_ft\usb_ft\Debug\link.7912-rc.write.1.tlog
G:\OPENCV_WORKSPACE\ultrashort_binary\usb_ft\usb_ft\Debug\link.7912.read.1.tlog
G:\OPENCV_WORKSPACE\ultrashort_binary\usb_ft\usb_ft\Debug\link.7912.write.1.tlog
G:\OPENCV_WORKSPACE\ultrashort_binary\usb_ft\usb_ft\Debug\link.7980-cvtres.read.1.tlog
G:\OPENCV_WORKSPACE\ultrashort_binary\usb_ft\usb_ft\Debug\link.7980-cvtres.write.1.tlog
G:\OPENCV_WORKSPACE\ultrashort_binary\usb_ft\usb_ft\Debug\link.7980-rc.read.1.tlog
G:\OPENCV_WORKSPACE\ultrashort_binary\usb_ft\usb_ft\Debug\link.7980-rc.write.1.tlog
G:\OPENCV_WORKSPACE\ultrashort_binary\usb_ft\usb_ft\Debug\link.7980.read.1.tlog
G:\OPENCV_WORKSPACE\ultrashort_binary\usb_ft\usb_ft\Debug\link.7980.write.1.tlog
G:\OPENCV_WORKSPACE\ultrashort_binary\usb_ft\usb_ft\Debug\link.8280-cvtres.read.1.tlog
G:\OPENCV_WORKSPACE\ultrashort_binary\usb_ft\usb_ft\Debug\link.8280-cvtres.write.1.tlog
G:\OPENCV_WORKSPACE\ultrashort_binary\usb_ft\usb_ft\Debug\link.8280-rc.read.1.tlog
G:\OPENCV_WORKSPACE\ultrashort_binary\usb_ft\usb_ft\Debug\link.8280-rc.write.1.tlog
G:\OPENCV_WORKSPACE\ultrashort_binary\usb_ft\usb_ft\Debug\link.8280.read.1.tlog
G:\OPENCV_WORKSPACE\ultrashort_binary\usb_ft\usb_ft\Debug\link.8280.write.1.tlog
G:\OPENCV_WORKSPACE\ultrashort_binary\usb_ft\usb_ft\Debug\link.8284-cvtres.read.1.tlog
G:\OPENCV_WORKSPACE\ultrashort_binary\usb_ft\usb_ft\Debug\link.8284-cvtres.write.1.tlog
G:\OPENCV_WORKSPACE\ultrashort_binary\usb_ft\usb_ft\Debug\link.8284-rc.read.1.tlog
G:\OPENCV_WORKSPACE\ultrashort_binary\usb_ft\usb_ft\Debug\link.8284-rc.write.1.tlog
G:\OPENCV_WORKSPACE\ultrashort_binary\usb_ft\usb_ft\Debug\link.8284.read.1.tlog
G:\OPENCV_WORKSPACE\ultrashort_binary\usb_ft\usb_ft\Debug\link.8284.write.1.tlog
G:\OPENCV_WORKSPACE\ultrashort_binary\usb_ft\usb_ft\Debug\link.8388-cvtres.read.1.tlog
G:\OPENCV_WORKSPACE\ultrashort_binary\usb_ft\usb_ft\Debug\link.8388-cvtres.write.1.tlog
G:\OPENCV_WORKSPACE\ultrashort_binary\usb_ft\usb_ft\Debug\link.8388-rc.read.1.tlog
G:\OPENCV_WORKSPACE\ultrashort_binary\usb_ft\usb_ft\Debug\link.8388-rc.write.1.tlog
G:\OPENCV_WORKSPACE\ultrashort_binary\usb_ft\usb_ft\Debug\link.8388.read.1.tlog
G:\OPENCV_WORKSPACE\ultrashort_binary\usb_ft\usb_ft\Debug\link.8388.write.1.tlog
G:\OPENCV_WORKSPACE\ultrashort_binary\usb_ft\usb_ft\Debug\link.8572-cvtres.read.1.tlog
G:\OPENCV_WORKSPACE\ultrashort_binary\usb_ft\usb_ft\Debug\link.8572-cvtres.write.1.tlog
G:\OPENCV_WORKSPACE\ultrashort_binary\usb_ft\usb_ft\Debug\link.8572-rc.read.1.tlog
G:\OPENCV_WORKSPACE\ultrashort_binary\usb_ft\usb_ft\Debug\link.8572-rc.write.1.tlog
G:\OPENCV_WORKSPACE\ultrashort_binary\usb_ft\usb_ft\Debug\link.8572.read.1.tlog
G:\OPENCV_WORKSPACE\ultrashort_binary\usb_ft\usb_ft\Debug\link.8572.write.1.tlog
G:\OPENCV_WORKSPACE\ultrashort_binary\usb_ft\usb_ft\Debug\link.8628-cvtres.read.1.tlog
G:\OPENCV_WORKSPACE\ultrashort_binary\usb_ft\usb_ft\Debug\link.8628-cvtres.write.1.tlog
G:\OPENCV_WORKSPACE\ultrashort_binary\usb_ft\usb_ft\Debug\link.8628-rc.read.1.tlog
G:\OPENCV_WORKSPACE\ultrashort_binary\usb_ft\usb_ft\Debug\link.8628-rc.write.1.tlog
G:\OPENCV_WORKSPACE\ultrashort_binary\usb_ft\usb_ft\Debug\link.8628.read.1.tlog
G:\OPENCV_WORKSPACE\ultrashort_binary\usb_ft\usb_ft\Debug\link.8628.write.1.tlog
G:\OPENCV_WORKSPACE\ultrashort_binary\usb_ft\usb_ft\Debug\link.8812-cvtres.read.1.tlog
G:\OPENCV_WORKSPACE\ultrashort_binary\usb_ft\usb_ft\Debug\link.8812-cvtres.write.1.tlog
G:\OPENCV_WORKSPACE\ultrashort_binary\usb_ft\usb_ft\Debug\link.8812-rc.read.1.tlog
G:\OPENCV_WORKSPACE\ultrashort_binary\usb_ft\usb_ft\Debug\link.8812-rc.write.1.tlog
G:\OPENCV_WORKSPACE\ultrashort_binary\usb_ft\usb_ft\Debug\link.8812.read.1.tlog
G:\OPENCV_WORKSPACE\ultrashort_binary\usb_ft\usb_ft\Debug\link.8812.write.1.tlog
G:\OPENCV_WORKSPACE\ultrashort_binary\usb_ft\usb_ft\Debug\link.8952-cvtres.read.1.tlog
G:\OPENCV_WORKSPACE\ultrashort_binary\usb_ft\usb_ft\Debug\link.8952-cvtres.write.1.tlog
G:\OPENCV_WORKSPACE\ultrashort_binary\usb_ft\usb_ft\Debug\link.8952-rc.read.1.tlog
G:\OPENCV_WORKSPACE\ultrashort_binary\usb_ft\usb_ft\Debug\link.8952-rc.write.1.tlog
G:\OPENCV_WORKSPACE\ultrashort_binary\usb_ft\usb_ft\Debug\link.8952.read.1.tlog
G:\OPENCV_WORKSPACE\ultrashort_binary\usb_ft\usb_ft\Debug\link.8952.write.1.tlog
G:\OPENCV_WORKSPACE\ultrashort_binary\usb_ft\usb_ft\Debug\link.9100-cvtres.read.1.tlog
G:\OPENCV_WORKSPACE\ultrashort_binary\usb_ft\usb_ft\Debug\link.9100-cvtres.write.1.tlog
G:\OPENCV_WORKSPACE\ultrashort_binary\usb_ft\usb_ft\Debug\link.9100-rc.read.1.tlog
G:\OPENCV_WORKSPACE\ultrashort_binary\usb_ft\usb_ft\Debug\link.9100-rc.write.1.tlog
G:\OPENCV_WORKSPACE\ultrashort_binary\usb_ft\usb_ft\Debug\link.9100.read.1.tlog
G:\OPENCV_WORKSPACE\ultrashort_binary\usb_ft\usb_ft\Debug\link.9100.write.1.tlog
G:\OPENCV_WORKSPACE\ultrashort_binary\usb_ft\usb_ft\Debug\link.9384-cvtres.read.1.tlog
G:\OPENCV_WORKSPACE\ultrashort_binary\usb_ft\usb_ft\Debug\link.9384-cvtres.write.1.tlog
G:\OPENCV_WORKSPACE\ultrashort_binary\usb_ft\usb_ft\Debug\link.9384-rc.read.1.tlog
G:\OPENCV_WORKSPACE\ultrashort_binary\usb_ft\usb_ft\Debug\link.9384-rc.write.1.tlog
G:\OPENCV_WORKSPACE\ultrashort_binary\usb_ft\usb_ft\Debug\link.9384.read.1.tlog
G:\OPENCV_WORKSPACE\ultrashort_binary\usb_ft\usb_ft\Debug\link.9384.write.1.tlog
G:\OPENCV_WORKSPACE\ultrashort_binary\usb_ft\usb_ft\Debug\link.9672-cvtres.read.1.tlog
G:\OPENCV_WORKSPACE\ultrashort_binary\usb_ft\usb_ft\Debug\link.9672-cvtres.write.1.tlog
G:\OPENCV_WORKSPACE\ultrashort_binary\usb_ft\usb_ft\Debug\link.9672-rc.read.1.tlog
G:\OPENCV_WORKSPACE\ultrashort_binary\usb_ft\usb_ft\Debug\link.9672-rc.write.1.tlog
G:\OPENCV_WORKSPACE\ultrashort_binary\usb_ft\usb_ft\Debug\link.9672.read.1.tlog
G:\OPENCV_WORKSPACE\ultrashort_binary\usb_ft\usb_ft\Debug\link.9672.write.1.tlog
G:\OPENCV_WORKSPACE\ultrashort_binary\usb_ft\usb_ft\Debug\link.9752-cvtres.read.1.tlog
G:\OPENCV_WORKSPACE\ultrashort_binary\usb_ft\usb_ft\Debug\link.9752-cvtres.write.1.tlog
G:\OPENCV_WORKSPACE\ultrashort_binary\usb_ft\usb_ft\Debug\link.9752-rc.read.1.tlog
G:\OPENCV_WORKSPACE\ultrashort_binary\usb_ft\usb_ft\Debug\link.9752-rc.write.1.tlog
G:\OPENCV_WORKSPACE\ultrashort_binary\usb_ft\usb_ft\Debug\link.9752.read.1.tlog
G:\OPENCV_WORKSPACE\ultrashort_binary\usb_ft\usb_ft\Debug\link.9752.write.1.tlog
G:\OPENCV_WORKSPACE\ultrashort_binary\usb_ft\usb_ft\Debug\link.9820-cvtres.read.1.tlog
G:\OPENCV_WORKSPACE\ultrashort_binary\usb_ft\usb_ft\Debug\link.9820-cvtres.write.1.tlog
G:\OPENCV_WORKSPACE\ultrashort_binary\usb_ft\usb_ft\Debug\link.9820-rc.read.1.tlog
G:\OPENCV_WORKSPACE\ultrashort_binary\usb_ft\usb_ft\Debug\link.9820-rc.write.1.tlog
G:\OPENCV_WORKSPACE\ultrashort_binary\usb_ft\usb_ft\Debug\link.9820.read.1.tlog
G:\OPENCV_WORKSPACE\ultrashort_binary\usb_ft\usb_ft\Debug\link.9820.write.1.tlog
G:\OPENCV_WORKSPACE\ultrashort_binary\usb_ft\usb_ft\Debug\link.9876-cvtres.read.1.tlog
G:\OPENCV_WORKSPACE\ultrashort_binary\usb_ft\usb_ft\Debug\link.9876-cvtres.write.1.tlog
G:\OPENCV_WORKSPACE\ultrashort_binary\usb_ft\usb_ft\Debug\link.9876-rc.read.1.tlog
G:\OPENCV_WORKSPACE\ultrashort_binary\usb_ft\usb_ft\Debug\link.9876-rc.write.1.tlog
G:\OPENCV_WORKSPACE\ultrashort_binary\usb_ft\usb_ft\Debug\link.9876.read.1.tlog
G:\OPENCV_WORKSPACE\ultrashort_binary\usb_ft\usb_ft\Debug\link.9876.write.1.tlog
G:\OPENCV_WORKSPACE\ultrashort_binary\usb_ft\usb_ft\Debug\link.9988-cvtres.read.1.tlog
G:\OPENCV_WORKSPACE\ultrashort_binary\usb_ft\usb_ft\Debug\link.9988-cvtres.write.1.tlog
G:\OPENCV_WORKSPACE\ultrashort_binary\usb_ft\usb_ft\Debug\link.9988-rc.read.1.tlog
G:\OPENCV_WORKSPACE\ultrashort_binary\usb_ft\usb_ft\Debug\link.9988-rc.write.1.tlog
G:\OPENCV_WORKSPACE\ultrashort_binary\usb_ft\usb_ft\Debug\link.9988.read.1.tlog
G:\OPENCV_WORKSPACE\ultrashort_binary\usb_ft\usb_ft\Debug\link.9988.write.1.tlog
G:\OPENCV_WORKSPACE\ultrashort_binary\usb_ft\usb_ft\Debug\link.command.1.tlog
G:\OPENCV_WORKSPACE\ultrashort_binary\usb_ft\usb_ft\Debug\link.read.1.tlog
G:\OPENCV_WORKSPACE\ultrashort_binary\usb_ft\usb_ft\Debug\link.write.1.tlog
G:\OPENCV_WORKSPACE\ultrashort_binary\usb_ft\usb_ft\Debug\vc110.idb
G:\OPENCV_WORKSPACE\ultrashort_binary\usb_ft\usb_ft\Debug\vc110.pdb
G:\OPENCV_WORKSPACE\ultrashort_binary\usb_ft\Debug\usb_ft.pdb
G:\OPENCV_WORKSPACE\ultrashort_binary\usb_ft\Debug\usb_ft.exe
G:\OPENCV_WORKSPACE\ultrashort_binary\usb_ft\Debug\usb_ft.ilk
