生成启动时间为 2016/7/26 星期二 10:29:23。
     1>项目“G:\OPENCV_WORKSPACE\ultrashort_binary\usb_ft\usb_ft\usb_ft.vcxproj”在节点 2 上(Build 个目标)。
     1>ClCompile:
         G:\Program Files (x86)\Microsoft Visual Studio 11.0\VC\bin\CL.exe /c /ZI /nologo /W3 /WX- /Od /Oy- /D _MBCS /Gm /EHsc /RTC1 /MDd /GS /fp:precise /Zc:wchar_t /Zc:forScope /Fo"Debug\\" /Fd"Debug\vc110.pdb" /Gd /TP /analyze- /errorReport:prompt usb_ft.cpp
         usb_ft.cpp
     1>g:\opencv_workspace\ultrashort_binary\usb_ft\usb_ft\usb_ft.cpp(24): warning C4305: “初始化”: 从“double”到“float”截断
     1>g:\opencv_workspace\ultrashort_binary\usb_ft\usb_ft\usb_ft.cpp(58): warning C4068: 未知的杂注
     1>g:\opencv_workspace\ultrashort_binary\usb_ft\usb_ft\usb_ft.cpp(59): warning C4018: “<”: 有符号/无符号不匹配
     1>g:\opencv_workspace\ultrashort_binary\usb_ft\usb_ft\usb_ft.cpp(62): warning C4244: “初始化”: 从“float”转换到“int”，可能丢失数据
     1>g:\opencv_workspace\ultrashort_binary\usb_ft\usb_ft\usb_ft.cpp(63): warning C4244: “参数”: 从“int”转换到“float”，可能丢失数据
     1>g:\opencv_workspace\ultrashort_binary\usb_ft\usb_ft\usb_ft.cpp(69): warning C4018: “<”: 有符号/无符号不匹配
     1>g:\opencv_workspace\ultrashort_binary\usb_ft\usb_ft\usb_ft.cpp(90): warning C4018: “<”: 有符号/无符号不匹配
     1>g:\opencv_workspace\ultrashort_binary\usb_ft\usb_ft\usb_ft.cpp(118): warning C4068: 未知的杂注
     1>g:\opencv_workspace\ultrashort_binary\usb_ft\usb_ft\usb_ft.cpp(119): warning C4018: “<”: 有符号/无符号不匹配
     1>g:\opencv_workspace\ultrashort_binary\usb_ft\usb_ft\usb_ft.cpp(121): warning C4244: “初始化”: 从“float”转换到“int”，可能丢失数据
     1>g:\opencv_workspace\ultrashort_binary\usb_ft\usb_ft\usb_ft.cpp(124): warning C4244: “参数”: 从“int”转换到“float”，可能丢失数据
     1>g:\opencv_workspace\ultrashort_binary\usb_ft\usb_ft\usb_ft.cpp(136): warning C4244: “参数”: 从“int”转换到“float”，可能丢失数据
     1>g:\opencv_workspace\ultrashort_binary\usb_ft\usb_ft\usb_ft.cpp(179): warning C4068: 未知的杂注
     1>g:\opencv_workspace\ultrashort_binary\usb_ft\usb_ft\usb_ft.cpp(180): warning C4018: “<”: 有符号/无符号不匹配
     1>g:\opencv_workspace\ultrashort_binary\usb_ft\usb_ft\usb_ft.cpp(182): warning C4244: “初始化”: 从“float”转换到“int”，可能丢失数据
     1>g:\opencv_workspace\ultrashort_binary\usb_ft\usb_ft\usb_ft.cpp(200): warning C4018: “<”: 有符号/无符号不匹配
     1>g:\opencv_workspace\ultrashort_binary\usb_ft\usb_ft\usb_ft.cpp(215): warning C4244: “初始化”: 从“double”转换到“int”，可能丢失数据
     1>g:\opencv_workspace\ultrashort_binary\usb_ft\usb_ft\usb_ft.cpp(217): warning C4244: “初始化”: 从“float”转换到“int”，可能丢失数据
     1>g:\opencv_workspace\ultrashort_binary\usb_ft\usb_ft\usb_ft.cpp(310): warning C4018: “<”: 有符号/无符号不匹配
     1>g:\opencv_workspace\ultrashort_binary\usb_ft\usb_ft\usb_ft.cpp(338): warning C4018: “>=”: 有符号/无符号不匹配
     1>g:\opencv_workspace\ultrashort_binary\usb_ft\usb_ft\usb_ft.cpp(404): warning C4244: “return”: 从“double”转换到“float”，可能丢失数据
     1>g:\opencv_workspace\ultrashort_binary\usb_ft\usb_ft\usb_ft.cpp(411): warning C4244: “初始化”: 从“int”转换到“float”，可能丢失数据
     1>g:\opencv_workspace\ultrashort_binary\usb_ft\usb_ft\usb_ft.cpp(412): warning C4244: “初始化”: 从“int”转换到“float”，可能丢失数据
     1>g:\opencv_workspace\ultrashort_binary\usb_ft\usb_ft\usb_ft.cpp(436): warning C4244: “初始化”: 从“int”转换到“float”，可能丢失数据
     1>g:\opencv_workspace\ultrashort_binary\usb_ft\usb_ft\usb_ft.cpp(451): warning C4018: “<”: 有符号/无符号不匹配
     1>g:\opencv_workspace\ultrashort_binary\usb_ft\usb_ft\usb_ft.cpp(452): warning C4018: “<”: 有符号/无符号不匹配
     1>g:\opencv_workspace\ultrashort_binary\usb_ft\usb_ft\usb_ft.cpp(454): warning C4244: “初始化”: 从“int”转换到“float”，可能丢失数据
     1>g:\opencv_workspace\ultrashort_binary\usb_ft\usb_ft\usb_ft.cpp(458): warning C4244: “初始化”: 从“int”转换到“float”，可能丢失数据
     1>g:\opencv_workspace\ultrashort_binary\usb_ft\usb_ft\usb_ft.cpp(462): warning C4244: “初始化”: 从“int”转换到“float”，可能丢失数据
     1>g:\opencv_workspace\ultrashort_binary\usb_ft\usb_ft\usb_ft.cpp(483): warning C4018: “<”: 有符号/无符号不匹配
     1>g:\opencv_workspace\ultrashort_binary\usb_ft\usb_ft\usb_ft.cpp(486): warning C4018: “<”: 有符号/无符号不匹配
     1>g:\opencv_workspace\ultrashort_binary\usb_ft\usb_ft\usb_ft.cpp(487): warning C4018: “<”: 有符号/无符号不匹配
     1>g:\opencv_workspace\ultrashort_binary\usb_ft\usb_ft\usb_ft.cpp(499): warning C4018: “<”: 有符号/无符号不匹配
       Link:
         G:\Program Files (x86)\Microsoft Visual Studio 11.0\VC\bin\link.exe /ERRORREPORT:PROMPT /OUT:"G:\OPENCV_WORKSPACE\ultrashort_binary\usb_ft\Debug\usb_ft.exe" /INCREMENTAL /NOLOGO opencv_calib3d2413d.lib opencv_contrib2413d.lib opencv_core2413d.lib opencv_features2d2413d.lib opencv_flann2413d.lib opencv_gpu2413d.lib opencv_highgui2413d.lib opencv_imgproc2413d.lib opencv_legacy2413d.lib opencv_ml2413d.lib opencv_nonfree2413d.lib opencv_objdetect2413d.lib opencv_ocl2413d.lib opencv_photo2413d.lib opencv_stitching2413d.lib opencv_superres2413d.lib opencv_ts2413d.lib opencv_video2413d.lib opencv_videostab2413d.lib kernel32.lib user32.lib gdi32.lib winspool.lib comdlg32.lib advapi32.lib shell32.lib ole32.lib oleaut32.lib uuid.lib odbc32.lib odbccp32.lib /MANIFEST /MANIFESTUAC:"level='asInvoker' uiAccess='false'" /manifest:embed /DEBUG /PDB:"G:\OPENCV_WORKSPACE\ultrashort_binary\usb_ft\Debug\usb_ft.pdb" /TLBID:1 /DYNAMICBASE /NXCOMPAT /IMPLIB:"G:\OPENCV_WORKSPACE\ultrashort_binary\usb_ft\Debug\usb_ft.lib" /MACHINE:X86 Debug\main.obj
         Debug\usb_ft.obj
         usb_ft.vcxproj -> G:\OPENCV_WORKSPACE\ultrashort_binary\usb_ft\Debug\usb_ft.exe
     1>已完成生成项目“G:\OPENCV_WORKSPACE\ultrashort_binary\usb_ft\usb_ft\usb_ft.vcxproj”(Build 个目标)的操作。

生成成功。

已用时间 00:00:02.77
